<?xml version="1.0" encoding="UTF-8"?>
<testng-results ignored="0" total="1" passed="1" failed="0" skipped="0">
  <reporter-output>
  </reporter-output>
  <suite started-at="2024-10-02T20:04:13 IST" name="Default suite" finished-at="2024-10-02T20:04:54 IST" duration-ms="41440">
    <groups>
    </groups>
    <test started-at="2024-10-02T20:04:13 IST" name="Default test" finished-at="2024-10-02T20:04:54 IST" duration-ms="41440">
      <class name="PostManBrokenLink">
        <test-method is-config="true" signature="web()[pri:0, instance:PostManBrokenLink@4010d494]" started-at="2024-10-02T20:04:13 IST" name="web" finished-at="2024-10-02T20:04:14 IST" duration-ms="1655" status="PASS">
          <reporter-output>
          </reporter-output>
        </test-method> <!-- web -->
        <test-method signature="Collecthref()[pri:0, instance:PostManBrokenLink@4010d494]" started-at="2024-10-02T20:04:14 IST" name="Collecthref" finished-at="2024-10-02T20:04:54 IST" duration-ms="39405" status="PASS">
          <reporter-output>
          </reporter-output>
        </test-method> <!-- Collecthref -->
        <test-method is-config="true" signature="close()[pri:0, instance:PostManBrokenLink@4010d494]" started-at="2024-10-02T20:04:54 IST" name="close" finished-at="2024-10-02T20:04:54 IST" duration-ms="292" status="PASS">
          <reporter-output>
          </reporter-output>
        </test-method> <!-- close -->
      </class> <!-- PostManBrokenLink -->
    </test> <!-- Default test -->
  </suite> <!-- Default suite -->
</testng-results>
