<?xml version="1.0" encoding="UTF-8"?>
<testng-results ignored="0" total="1" passed="1" failed="0" skipped="0">
  <reporter-output>
  </reporter-output>
  <suite started-at="2024-10-02T14:36:35 IST" name="Default suite" finished-at="2024-10-02T14:36:39 IST" duration-ms="3553">
    <groups>
    </groups>
    <test started-at="2024-10-02T14:36:35 IST" name="Default test" finished-at="2024-10-02T14:36:39 IST" duration-ms="3553">
      <class name="TestScript.UpoadTest">
        <test-method is-config="true" signature="navigation()[pri:0, instance:TestScript.UpoadTest@60e949e1]" started-at="2024-10-02T14:36:35 IST" name="navigation" finished-at="2024-10-02T14:36:37 IST" duration-ms="2224" status="PASS">
          <reporter-output>
          </reporter-output>
        </test-method> <!-- navigation -->
        <test-method signature="run1()[pri:0, instance:TestScript.UpoadTest@60e949e1]" started-at="2024-10-02T14:36:37 IST" name="run1" finished-at="2024-10-02T14:36:39 IST" duration-ms="1201" status="PASS">
          <reporter-output>
          </reporter-output>
        </test-method> <!-- run1 -->
      </class> <!-- TestScript.UpoadTest -->
    </test> <!-- Default test -->
  </suite> <!-- Default suite -->
</testng-results>
